Job started at:
2025-05-07 17:43:01
Downloading FASTA files for SRR23310241...

2025-05-07T22:44:03 prefetch.2.11.0: 1) Downloading 'SRR23310241'...
2025-05-07T22:44:03 prefetch.2.11.0:  Downloading via HTTPS...
2025-05-07T22:44:10 prefetch.2.11.0:  HTTPS download succeed
2025-05-07T22:44:11 prefetch.2.11.0:  'SRR23310241' is valid
2025-05-07T22:44:11 prefetch.2.11.0: 1) 'SRR23310241' was downloaded successfully
2025-05-07T22:44:11 prefetch.2.11.0: 'SRR23310241' has 0 unresolved dependencies
Done.
Trimming adapters for SRR23310241...
Done.
Mapping SRR23310241 to mm10...
Done.
Converting mapped SRR23310241 sam file to bed...
Done.
Generating scale factor for SRR23310241...
Scale factor: 5.55300381041019776810.
Mapped read count: 490822222.
Done.
Generating bedGraph and bigWig files for SRR23310241...
Done.
Downloading FASTA files for SRR23310242...

2025-05-07T22:58:39 prefetch.2.11.0: 1) Downloading 'SRR23310242'...
2025-05-07T22:58:39 prefetch.2.11.0:  Downloading via HTTPS...
2025-05-07T22:58:48 prefetch.2.11.0:  HTTPS download succeed
2025-05-07T22:58:48 prefetch.2.11.0:  'SRR23310242' is valid
2025-05-07T22:58:48 prefetch.2.11.0: 1) 'SRR23310242' was downloaded successfully
2025-05-07T22:58:48 prefetch.2.11.0: 'SRR23310242' has 0 unresolved dependencies
Done.
Trimming adapters for SRR23310242...
Done.
Mapping SRR23310242 to mm10...
Done.
Converting mapped SRR23310242 sam file to bed...
Done.
Generating scale factor for SRR23310242...
Scale factor: 2.89845794544262975268.
Mapped read count: 940340595.
Done.
Generating bedGraph and bigWig files for SRR23310242...
Done.
Job finished at:
2025-05-07 18:23:02
